Base name: Nonce
Class name: Nonce
Table name: Nonces
Stanza: accountID					bigint unsigned not null
Column: accountID, matches SQL: bigint unsigned, so CXXTYPE: uint64_t, CONNTYPE: UInt64, NOT_NULL
Navigator to Account (#include Account.hpp) via account()
Stanza: blockID						bigint unsigned not null
Column: blockID, matches SQL: bigint unsigned, so CXXTYPE: uint64_t, CONNTYPE: UInt64, NOT_NULL
Navigator to Block (#include Block.hpp) via block()
Stanza: nonce						bigint unsigned not null
Column: nonce, matches SQL: bigint unsigned, so CXXTYPE: uint64_t, CONNTYPE: UInt64, NOT_NULL
Stanza: submitted_when				timestamp not null default current_timestamp
Column: submitted_when, matches SQL: timestamp, so CXXTYPE: DORM::Timestamp, CONNTYPE: String, NOT_NULL, HAS_DEFAULT
Stanza: deadline					bigint unsigned not null
Column: deadline, matches SQL: bigint unsigned, so CXXTYPE: uint64_t, CONNTYPE: UInt64, NOT_NULL
Stanza: deadline_string				varchar(255) not null
Column: deadline_string, matches SQL: varchar, so CXXTYPE: std::string, CONNTYPE: String, NOT_NULL
Stanza: forge_when					timestamp not null default "0000-00-00 00:00:00"
Column: forge_when, matches SQL: timestamp, so CXXTYPE: DORM::Timestamp, CONNTYPE: String, NOT_NULL, HAS_DEFAULT
Stanza: miner						varchar(255)
Column: miner, matches SQL: varchar, so CXXTYPE: std::string, CONNTYPE: String
Stanza: primary key					(accountID, blockID, nonce)
Found PRIMARY KEY stanza, columns (3): accountID, blockID, nonce
Stanza: index						(blockID, accountID)
Found INDEX stanza, columns (2): blockID, accountID
Stanza: index						(blockID, deadline desc)
Found INDEX stanza, columns (3): blockID, deadline, desc
Writing template ../build/contrib/DORM/templates/object_.hxx to /tmp/DORM-EHDpnM.cpp
Compiling template /tmp/DORM-EHDpnM.cpp to create /tmp/DORM-EHDpnM.aout
Using template /tmp/DORM-EHDpnM.aout to create ../output/objects/Nonce_.hxx
Writing template ../build/contrib/DORM/templates/object_.cxx to /tmp/DORM-XV2q0A.cpp
Compiling template /tmp/DORM-XV2q0A.cpp to create /tmp/DORM-XV2q0A.aout
Using template /tmp/DORM-XV2q0A.aout to create ../output/objects/Nonce_.cxx
